app/build/intermediates/manifest_merge_blame_file/debug/manifest-merger-blame-debug-report.txt
1<?xml version="1.0" encoding="utf-8"?>
2<manifest xmlns:android="http://schemas.android.com/apk/res/android"
3    package="com.corona.savelive"
4    android:versionCode="1"
5    android:versionName="1.0" >
6
7    <uses-sdk
8        android:minSdkVersion="16"
8-->src\main\AndroidManifest.xml
9        android:targetSdkVersion="29" />
9-->src\main\AndroidManifest.xml
10
11    <uses-permission android:name="android.permission.INTERNET" />
11-->src\main\AndroidManifest.xml:6:5-67
11-->src\main\AndroidManifest.xml:6:22-64
12    <uses-permission android:name="android.permission.ACCESS_NETWORK_STATE" />
12-->[com.firebaseui:firebase-ui-auth:6.2.1] AndroidManifest.xml:12:5-79
12-->[com.firebaseui:firebase-ui-auth:6.2.1] AndroidManifest.xml:12:22-76
13    <uses-permission android:name="android.permission.WAKE_LOCK" /> <!-- Required by older versions of Google Play services to create IID tokens -->
13-->[com.google.firebase:firebase-iid:20.2.1] AndroidManifest.xml:24:5-68
13-->[com.google.firebase:firebase-iid:20.2.1] AndroidManifest.xml:24:22-65
14    <uses-permission android:name="com.google.android.c2dm.permission.RECEIVE" />
14-->[com.google.firebase:firebase-iid:20.2.1] AndroidManifest.xml:26:5-82
14-->[com.google.firebase:firebase-iid:20.2.1] AndroidManifest.xml:26:22-79
15
16    <application
16-->src\main\AndroidManifest.xml:8:5-34:19
17        android:name="androidx.multidex.MultiDexApplication"
18        android:allowBackup="true"
18-->src\main\AndroidManifest.xml:9:9-35
19        android:appComponentFactory="androidx.core.app.CoreComponentFactory"
19-->[androidx.core:core:1.2.0] AndroidManifest.xml:24:18-86
20        android:debuggable="true"
21        android:icon="@drawable/ic_launcher"
21-->src\main\AndroidManifest.xml:10:9-45
22        android:label="@string/app_name"
22-->src\main\AndroidManifest.xml:11:9-41
23        android:supportsRtl="true"
23-->src\main\AndroidManifest.xml:12:9-35
24        android:testOnly="true"
25        android:theme="@style/AppTheme" >
25-->src\main\AndroidManifest.xml:13:9-40
26        <activity android:name="com.corona.savelive.MyUpdateActivity" />
26-->src\main\AndroidManifest.xml:14:9-63
26-->src\main\AndroidManifest.xml:14:19-51
27        <activity android:name="com.corona.savelive.RegisterActivity" />
27-->src\main\AndroidManifest.xml:15:9-54
27-->src\main\AndroidManifest.xml:15:19-51
28        <activity android:name="com.corona.savelive.ChatAdmin" />
28-->src\main\AndroidManifest.xml:16:9-47
28-->src\main\AndroidManifest.xml:16:19-44
29        <activity android:name="com.corona.savelive.SocialDistance" />
29-->src\main\AndroidManifest.xml:17:9-52
29-->src\main\AndroidManifest.xml:17:19-49
30        <activity android:name="com.corona.savelive.CegahCoronaAct" />
30-->src\main\AndroidManifest.xml:18:9-52
30-->src\main\AndroidManifest.xml:18:19-49
31        <activity android:name="com.corona.savelive.MainActivity" />
31-->src\main\AndroidManifest.xml:19:9-50
31-->src\main\AndroidManifest.xml:19:19-47
32        <activity android:name="com.corona.savelive.LoginActivity" >
32-->src\main\AndroidManifest.xml:20:9-26:20
32-->src\main\AndroidManifest.xml:20:19-48
33            <intent-filter>
33-->src\main\AndroidManifest.xml:21:13-25:29
34                <action android:name="android.intent.action.MAIN" />
34-->src\main\AndroidManifest.xml:22:17-69
34-->src\main\AndroidManifest.xml:22:25-66
35
36                <category android:name="android.intent.category.LAUNCHER" />
36-->src\main\AndroidManifest.xml:24:17-77
36-->src\main\AndroidManifest.xml:24:27-74
37            </intent-filter>
38        </activity>
39
40        <service
40-->src\main\AndroidManifest.xml:27:9-33:19
41            android:name="com.corona.savelive.firebaseNotif.MyFirebaseMessagingService"
41-->src\main\AndroidManifest.xml:28:13-69
42            android:exported="false" >
42-->src\main\AndroidManifest.xml:29:13-37
43            <intent-filter>
43-->src\main\AndroidManifest.xml:30:13-32:29
44                <action android:name="com.google.firebase.MESSAGING_EVENT" />
44-->src\main\AndroidManifest.xml:31:17-78
44-->src\main\AndroidManifest.xml:31:25-75
45            </intent-filter>
46        </service>
47
48        <meta-data
48-->[com.firebaseui:firebase-ui-auth:6.2.1] AndroidManifest.xml:16:9-18:69
49            android:name="com.google.android.gms.version"
49-->[com.firebaseui:firebase-ui-auth:6.2.1] AndroidManifest.xml:17:13-58
50            android:value="@integer/google_play_services_version" />
50-->[com.firebaseui:firebase-ui-auth:6.2.1] AndroidManifest.xml:18:13-66
51        <meta-data
51-->[com.firebaseui:firebase-ui-auth:6.2.1] AndroidManifest.xml:19:9-21:63
52            android:name="com.facebook.sdk.ApplicationId"
52-->[com.firebaseui:firebase-ui-auth:6.2.1] AndroidManifest.xml:20:13-58
53            android:value="@string/facebook_application_id" />
53-->[com.firebaseui:firebase-ui-auth:6.2.1] AndroidManifest.xml:21:13-60
54
55        <activity
55-->[com.firebaseui:firebase-ui-auth:6.2.1] AndroidManifest.xml:23:9-27:61
56            android:name="com.firebase.ui.auth.KickoffActivity"
56-->[com.firebaseui:firebase-ui-auth:6.2.1] AndroidManifest.xml:24:13-64
57            android:exported="false"
57-->[com.firebaseui:firebase-ui-auth:6.2.1] AndroidManifest.xml:25:13-37
58            android:label=""
58-->[com.firebaseui:firebase-ui-auth:6.2.1] AndroidManifest.xml:26:13-29
59            android:theme="@style/FirebaseUI.Transparent" />
59-->[com.firebaseui:firebase-ui-auth:6.2.1] AndroidManifest.xml:27:13-58
60        <activity
60-->[com.firebaseui:firebase-ui-auth:6.2.1] AndroidManifest.xml:28:9-32:61
61            android:name="com.firebase.ui.auth.ui.idp.SingleSignInActivity"
61-->[com.firebaseui:firebase-ui-auth:6.2.1] AndroidManifest.xml:29:13-76
62            android:exported="false"
62-->[com.firebaseui:firebase-ui-auth:6.2.1] AndroidManifest.xml:30:13-37
63            android:label=""
63-->[com.firebaseui:firebase-ui-auth:6.2.1] AndroidManifest.xml:31:13-29
64            android:theme="@style/FirebaseUI.Transparent" />
64-->[com.firebaseui:firebase-ui-auth:6.2.1] AndroidManifest.xml:32:13-58
65        <activity
65-->[com.firebaseui:firebase-ui-auth:6.2.1] AndroidManifest.xml:33:9-37:61
66            android:name="com.firebase.ui.auth.ui.credentials.CredentialSaveActivity"
66-->[com.firebaseui:firebase-ui-auth:6.2.1] AndroidManifest.xml:34:13-86
67            android:exported="false"
67-->[com.firebaseui:firebase-ui-auth:6.2.1] AndroidManifest.xml:35:13-37
68            android:label=""
68-->[com.firebaseui:firebase-ui-auth:6.2.1] AndroidManifest.xml:36:13-29
69            android:theme="@style/FirebaseUI.Transparent" />
69-->[com.firebaseui:firebase-ui-auth:6.2.1] AndroidManifest.xml:37:13-58
70        <activity
70-->[com.firebaseui:firebase-ui-auth:6.2.1] AndroidManifest.xml:38:9-42:58
71            android:name="com.firebase.ui.auth.ui.email.RecoverPasswordActivity"
71-->[com.firebaseui:firebase-ui-auth:6.2.1] AndroidManifest.xml:39:13-81
72            android:exported="false"
72-->[com.firebaseui:firebase-ui-auth:6.2.1] AndroidManifest.xml:40:13-37
73            android:label="@string/fui_title_recover_password_activity"
73-->[com.firebaseui:firebase-ui-auth:6.2.1] AndroidManifest.xml:41:13-72
74            android:windowSoftInputMode="adjustResize" />
74-->[com.firebaseui:firebase-ui-auth:6.2.1] AndroidManifest.xml:42:13-55
75        <activity
75-->[com.firebaseui:firebase-ui-auth:6.2.1] AndroidManifest.xml:43:9-47:58
76            android:name="com.firebase.ui.auth.ui.email.EmailActivity"
76-->[com.firebaseui:firebase-ui-auth:6.2.1] AndroidManifest.xml:44:13-71
77            android:exported="false"
77-->[com.firebaseui:firebase-ui-auth:6.2.1] AndroidManifest.xml:45:13-37
78            android:label="@string/fui_sign_in_default"
78-->[com.firebaseui:firebase-ui-auth:6.2.1] AndroidManifest.xml:46:13-56
79            android:windowSoftInputMode="adjustResize" />
79-->[com.firebaseui:firebase-ui-auth:6.2.1] AndroidManifest.xml:47:13-55
80        <activity
80-->[com.firebaseui:firebase-ui-auth:6.2.1] AndroidManifest.xml:48:9-52:77
81            android:name="com.firebase.ui.auth.ui.phone.PhoneActivity"
81-->[com.firebaseui:firebase-ui-auth:6.2.1] AndroidManifest.xml:49:13-71
82            android:exported="false"
82-->[com.firebaseui:firebase-ui-auth:6.2.1] AndroidManifest.xml:50:13-37
83            android:label="@string/fui_sign_in_with_phone_number"
83-->[com.firebaseui:firebase-ui-auth:6.2.1] AndroidManifest.xml:51:13-66
84            android:windowSoftInputMode="adjustResize|stateAlwaysVisible" />
84-->[com.firebaseui:firebase-ui-auth:6.2.1] AndroidManifest.xml:52:13-74
85        <activity
85-->[com.firebaseui:firebase-ui-auth:6.2.1] AndroidManifest.xml:53:9-57:58
86            android:name="com.firebase.ui.auth.ui.idp.WelcomeBackIdpPrompt"
86-->[com.firebaseui:firebase-ui-auth:6.2.1] AndroidManifest.xml:54:13-76
87            android:exported="false"
87-->[com.firebaseui:firebase-ui-auth:6.2.1] AndroidManifest.xml:55:13-37
88            android:label="@string/fui_title_welcome_back_idp_prompt"
88-->[com.firebaseui:firebase-ui-auth:6.2.1] AndroidManifest.xml:56:13-70
89            android:windowSoftInputMode="adjustResize" />
89-->[com.firebaseui:firebase-ui-auth:6.2.1] AndroidManifest.xml:57:13-55
90        <activity
90-->[com.firebaseui:firebase-ui-auth:6.2.1] AndroidManifest.xml:58:9-62:58
91            android:name="com.firebase.ui.auth.ui.email.WelcomeBackPasswordPrompt"
91-->[com.firebaseui:firebase-ui-auth:6.2.1] AndroidManifest.xml:59:13-83
92            android:exported="false"
92-->[com.firebaseui:firebase-ui-auth:6.2.1] AndroidManifest.xml:60:13-37
93            android:label="@string/fui_title_welcome_back_password_prompt"
93-->[com.firebaseui:firebase-ui-auth:6.2.1] AndroidManifest.xml:61:13-75
94            android:windowSoftInputMode="adjustResize" />
94-->[com.firebaseui:firebase-ui-auth:6.2.1] AndroidManifest.xml:62:13-55
95        <activity
95-->[com.firebaseui:firebase-ui-auth:6.2.1] AndroidManifest.xml:63:9-67:58
96            android:name="com.firebase.ui.auth.ui.email.WelcomeBackEmailLinkPrompt"
96-->[com.firebaseui:firebase-ui-auth:6.2.1] AndroidManifest.xml:64:13-84
97            android:exported="false"
97-->[com.firebaseui:firebase-ui-auth:6.2.1] AndroidManifest.xml:65:13-37
98            android:label="@string/fui_title_welcome_back_password_prompt"
98-->[com.firebaseui:firebase-ui-auth:6.2.1] AndroidManifest.xml:66:13-75
99            android:windowSoftInputMode="adjustResize" />
99-->[com.firebaseui:firebase-ui-auth:6.2.1] AndroidManifest.xml:67:13-55
100        <activity
100-->[com.firebaseui:firebase-ui-auth:6.2.1] AndroidManifest.xml:68:9-73:58
101            android:name="com.firebase.ui.auth.ui.email.EmailLinkCatcherActivity"
101-->[com.firebaseui:firebase-ui-auth:6.2.1] AndroidManifest.xml:69:13-82
102            android:exported="false"
102-->[com.firebaseui:firebase-ui-auth:6.2.1] AndroidManifest.xml:70:13-37
103            android:label=""
103-->[com.firebaseui:firebase-ui-auth:6.2.1] AndroidManifest.xml:71:13-29
104            android:theme="@style/FirebaseUI.Transparent"
104-->[com.firebaseui:firebase-ui-auth:6.2.1] AndroidManifest.xml:72:13-58
105            android:windowSoftInputMode="adjustResize" />
105-->[com.firebaseui:firebase-ui-auth:6.2.1] AndroidManifest.xml:73:13-55
106        <activity
106-->[com.firebaseui:firebase-ui-auth:6.2.1] AndroidManifest.xml:74:9-78:58
107            android:name="com.firebase.ui.auth.ui.email.EmailLinkErrorRecoveryActivity"
107-->[com.firebaseui:firebase-ui-auth:6.2.1] AndroidManifest.xml:75:13-88
108            android:exported="false"
108-->[com.firebaseui:firebase-ui-auth:6.2.1] AndroidManifest.xml:76:13-37
109            android:label="@string/fui_sign_in_default"
109-->[com.firebaseui:firebase-ui-auth:6.2.1] AndroidManifest.xml:77:13-56
110            android:windowSoftInputMode="adjustResize" />
110-->[com.firebaseui:firebase-ui-auth:6.2.1] AndroidManifest.xml:78:13-55
111        <activity
111-->[com.firebaseui:firebase-ui-auth:6.2.1] AndroidManifest.xml:79:9-82:65
112            android:name="com.firebase.ui.auth.ui.idp.AuthMethodPickerActivity"
112-->[com.firebaseui:firebase-ui-auth:6.2.1] AndroidManifest.xml:80:13-80
113            android:exported="false"
113-->[com.firebaseui:firebase-ui-auth:6.2.1] AndroidManifest.xml:81:13-37
114            android:label="@string/fui_default_toolbar_title" />
114-->[com.firebaseui:firebase-ui-auth:6.2.1] AndroidManifest.xml:82:13-62
115        <activity
115-->[com.firebaseui:firebase-ui-auth:6.2.1] AndroidManifest.xml:83:9-87:48
116            android:name="com.facebook.FacebookActivity"
116-->[com.firebaseui:firebase-ui-auth:6.2.1] AndroidManifest.xml:84:13-57
117            android:configChanges="keyboard|keyboardHidden|screenLayout|screenSize|orientation"
117-->[com.firebaseui:firebase-ui-auth:6.2.1] AndroidManifest.xml:85:13-96
118            android:label="@string/app_name" />
118-->[com.firebaseui:firebase-ui-auth:6.2.1] AndroidManifest.xml:86:13-45
119        <activity
119-->[com.firebaseui:firebase-ui-auth:6.2.1] AndroidManifest.xml:88:9-100:20
120            android:name="com.facebook.CustomTabActivity"
120-->[com.firebaseui:firebase-ui-auth:6.2.1] AndroidManifest.xml:89:13-58
121            android:exported="true" >
121-->[com.firebaseui:firebase-ui-auth:6.2.1] AndroidManifest.xml:90:13-36
122            <intent-filter>
122-->[com.firebaseui:firebase-ui-auth:6.2.1] AndroidManifest.xml:92:13-99:29
123                <action android:name="android.intent.action.VIEW" />
123-->[com.firebaseui:firebase-ui-auth:6.2.1] AndroidManifest.xml:93:17-69
123-->[com.firebaseui:firebase-ui-auth:6.2.1] AndroidManifest.xml:93:25-66
124
125                <category android:name="android.intent.category.DEFAULT" />
125-->[com.firebaseui:firebase-ui-auth:6.2.1] AndroidManifest.xml:95:17-76
125-->[com.firebaseui:firebase-ui-auth:6.2.1] AndroidManifest.xml:95:27-73
126                <category android:name="android.intent.category.BROWSABLE" />
126-->[com.firebaseui:firebase-ui-auth:6.2.1] AndroidManifest.xml:96:17-78
126-->[com.firebaseui:firebase-ui-auth:6.2.1] AndroidManifest.xml:96:27-75
127
128                <data android:scheme="@string/facebook_login_protocol_scheme" />
128-->[com.firebaseui:firebase-ui-auth:6.2.1] AndroidManifest.xml:98:17-81
128-->[com.firebaseui:firebase-ui-auth:6.2.1] AndroidManifest.xml:98:23-78
129            </intent-filter>
130        </activity>
131
132        <provider
132-->[com.firebaseui:firebase-ui-auth:6.2.1] AndroidManifest.xml:102:9-106:38
133            android:name="com.firebase.ui.auth.data.client.AuthUiInitProvider"
133-->[com.firebaseui:firebase-ui-auth:6.2.1] AndroidManifest.xml:103:13-79
134            android:authorities="com.corona.savelive.authuiinitprovider"
134-->[com.firebaseui:firebase-ui-auth:6.2.1] AndroidManifest.xml:104:13-70
135            android:exported="false"
135-->[com.firebaseui:firebase-ui-auth:6.2.1] AndroidManifest.xml:105:13-37
136            android:initOrder="90" />
136-->[com.firebaseui:firebase-ui-auth:6.2.1] AndroidManifest.xml:106:13-35
137
138        <service
138-->[com.google.firebase:firebase-database:19.3.0] AndroidManifest.xml:29:9-35:19
139            android:name="com.google.firebase.components.ComponentDiscoveryService"
139-->[com.google.firebase:firebase-database:19.3.0] AndroidManifest.xml:30:13-84
140            android:directBootAware="true"
140-->[com.google.firebase:firebase-common:19.3.0] AndroidManifest.xml:34:13-43
141            android:exported="false" >
141-->[com.google.firebase:firebase-database:19.3.0] AndroidManifest.xml:31:13-37
142            <meta-data
142-->[com.google.firebase:firebase-database:19.3.0] AndroidManifest.xml:32:13-34:85
143                android:name="com.google.firebase.components:com.google.firebase.database.DatabaseRegistrar"
143-->[com.google.firebase:firebase-database:19.3.0] AndroidManifest.xml:33:17-109
144                android:value="com.google.firebase.components.ComponentRegistrar" />
144-->[com.google.firebase:firebase-database:19.3.0] AndroidManifest.xml:34:17-82
145            <meta-data
145-->[com.google.firebase:firebase-auth:19.3.1] AndroidManifest.xml:36:13-38:85
146                android:name="com.google.firebase.components:com.google.firebase.auth.FirebaseAuthRegistrar"
146-->[com.google.firebase:firebase-auth:19.3.1] AndroidManifest.xml:37:17-109
147                android:value="com.google.firebase.components.ComponentRegistrar" />
147-->[com.google.firebase:firebase-auth:19.3.1] AndroidManifest.xml:38:17-82
148            <meta-data
148-->[com.google.firebase:firebase-messaging:20.2.1] AndroidManifest.xml:39:13-41:85
149                android:name="com.google.firebase.components:com.google.firebase.messaging.FirebaseMessagingRegistrar"
149-->[com.google.firebase:firebase-messaging:20.2.1] AndroidManifest.xml:40:17-119
150                android:value="com.google.firebase.components.ComponentRegistrar" />
150-->[com.google.firebase:firebase-messaging:20.2.1] AndroidManifest.xml:41:17-82
151            <meta-data
151-->[com.google.firebase:firebase-iid:20.2.1] AndroidManifest.xml:32:13-34:85
152                android:name="com.google.firebase.components:com.google.firebase.iid.Registrar"
152-->[com.google.firebase:firebase-iid:20.2.1] AndroidManifest.xml:33:17-96
153                android:value="com.google.firebase.components.ComponentRegistrar" />
153-->[com.google.firebase:firebase-iid:20.2.1] AndroidManifest.xml:34:17-82
154            <meta-data
154-->[com.google.firebase:firebase-datatransport:17.0.3] AndroidManifest.xml:28:13-30:85
155                android:name="com.google.firebase.components:com.google.firebase.datatransport.TransportRegistrar"
155-->[com.google.firebase:firebase-datatransport:17.0.3] AndroidManifest.xml:29:17-115
156                android:value="com.google.firebase.components.ComponentRegistrar" />
156-->[com.google.firebase:firebase-datatransport:17.0.3] AndroidManifest.xml:30:17-82
157            <meta-data
157-->[com.google.firebase:firebase-installations:16.3.2] AndroidManifest.xml:17:13-19:85
158                android:name="com.google.firebase.components:com.google.firebase.installations.FirebaseInstallationsRegistrar"
158-->[com.google.firebase:firebase-installations:16.3.2] AndroidManifest.xml:18:17-127
159                android:value="com.google.firebase.components.ComponentRegistrar" />
159-->[com.google.firebase:firebase-installations:16.3.2] AndroidManifest.xml:19:17-82
160        </service>
161
162        <activity
162-->[com.google.firebase:firebase-auth:19.3.1] AndroidManifest.xml:24:9-31:50
163            android:name="com.google.firebase.auth.internal.FederatedSignInActivity"
163-->[com.google.firebase:firebase-auth:19.3.1] AndroidManifest.xml:25:13-85
164            android:excludeFromRecents="true"
164-->[com.google.firebase:firebase-auth:19.3.1] AndroidManifest.xml:26:13-46
165            android:exported="true"
165-->[com.google.firebase:firebase-auth:19.3.1] AndroidManifest.xml:27:13-36
166            android:launchMode="singleTask"
166-->[com.google.firebase:firebase-auth:19.3.1] AndroidManifest.xml:28:13-44
167            android:permission="com.google.firebase.auth.api.gms.permission.LAUNCH_FEDERATED_SIGN_IN"
167-->[com.google.firebase:firebase-auth:19.3.1] AndroidManifest.xml:29:13-102
168            android:theme="@android:style/Theme.Translucent.NoTitleBar" />
168-->[com.google.firebase:firebase-auth:19.3.1] AndroidManifest.xml:30:13-72
169        <!--
170             FirebaseMessagingService performs security checks at runtime,
171             but set to not exported to explicitly avoid allowing another app to call it.
172        -->
173        <service
173-->[com.google.firebase:firebase-messaging:20.2.1] AndroidManifest.xml:28:9-35:19
174            android:name="com.google.firebase.messaging.FirebaseMessagingService"
174-->[com.google.firebase:firebase-messaging:20.2.1] AndroidManifest.xml:29:13-82
175            android:directBootAware="true"
175-->[com.google.firebase:firebase-messaging:20.2.1] AndroidManifest.xml:30:13-43
176            android:exported="false" >
176-->[com.google.firebase:firebase-messaging:20.2.1] AndroidManifest.xml:31:13-37
177            <intent-filter android:priority="-500" >
177-->src\main\AndroidManifest.xml:30:13-32:29
178                <action android:name="com.google.firebase.MESSAGING_EVENT" />
178-->src\main\AndroidManifest.xml:31:17-78
178-->src\main\AndroidManifest.xml:31:25-75
179            </intent-filter>
180        </service>
181
182        <activity
182-->[com.google.android.gms:play-services-auth:18.0.0] AndroidManifest.xml:23:9-27:75
183            android:name="com.google.android.gms.auth.api.signin.internal.SignInHubActivity"
183-->[com.google.android.gms:play-services-auth:18.0.0] AndroidManifest.xml:24:13-93
184            android:excludeFromRecents="true"
184-->[com.google.android.gms:play-services-auth:18.0.0] AndroidManifest.xml:25:13-46
185            android:exported="false"
185-->[com.google.android.gms:play-services-auth:18.0.0] AndroidManifest.xml:26:13-37
186            android:theme="@android:style/Theme.Translucent.NoTitleBar" />
186-->[com.google.android.gms:play-services-auth:18.0.0] AndroidManifest.xml:27:13-72
187        <!--
188            Service handling Google Sign-In user revocation. For apps that do not integrate with
189            Google Sign-In, this service will never be started.
190        -->
191        <service
191-->[com.google.android.gms:play-services-auth:18.0.0] AndroidManifest.xml:33:9-36:110
192            android:name="com.google.android.gms.auth.api.signin.RevocationBoundService"
192-->[com.google.android.gms:play-services-auth:18.0.0] AndroidManifest.xml:34:13-89
193            android:exported="true"
193-->[com.google.android.gms:play-services-auth:18.0.0] AndroidManifest.xml:35:13-36
194            android:permission="com.google.android.gms.auth.api.signin.permission.REVOCATION_NOTIFICATION" />
194-->[com.google.android.gms:play-services-auth:18.0.0] AndroidManifest.xml:36:13-107
195        <service
195-->[androidx.room:room-runtime:2.2.5] AndroidManifest.xml:25:9-28:40
196            android:name="androidx.room.MultiInstanceInvalidationService"
196-->[androidx.room:room-runtime:2.2.5] AndroidManifest.xml:26:13-74
197            android:directBootAware="true"
197-->[androidx.room:room-runtime:2.2.5] AndroidManifest.xml:27:13-43
198            android:exported="false" />
198-->[androidx.room:room-runtime:2.2.5] AndroidManifest.xml:28:13-37
199
200        <receiver
200-->[com.google.firebase:firebase-iid:20.2.1] AndroidManifest.xml:37:9-44:20
201            android:name="com.google.firebase.iid.FirebaseInstanceIdReceiver"
201-->[com.google.firebase:firebase-iid:20.2.1] AndroidManifest.xml:38:13-78
202            android:exported="true"
202-->[com.google.firebase:firebase-iid:20.2.1] AndroidManifest.xml:39:13-36
203            android:permission="com.google.android.c2dm.permission.SEND" >
203-->[com.google.firebase:firebase-iid:20.2.1] AndroidManifest.xml:40:13-73
204            <intent-filter>
204-->[com.google.firebase:firebase-iid:20.2.1] AndroidManifest.xml:41:13-43:29
205                <action android:name="com.google.android.c2dm.intent.RECEIVE" />
205-->[com.google.firebase:firebase-iid:20.2.1] AndroidManifest.xml:42:17-81
205-->[com.google.firebase:firebase-iid:20.2.1] AndroidManifest.xml:42:25-78
206            </intent-filter>
207        </receiver>
208
209        <activity
209-->[com.google.android.gms:play-services-base:17.1.0] AndroidManifest.xml:23:9-26:75
210            android:name="com.google.android.gms.common.api.GoogleApiActivity"
210-->[com.google.android.gms:play-services-base:17.1.0] AndroidManifest.xml:24:13-79
211            android:exported="false"
211-->[com.google.android.gms:play-services-base:17.1.0] AndroidManifest.xml:25:13-37
212            android:theme="@android:style/Theme.Translucent.NoTitleBar" />
212-->[com.google.android.gms:play-services-base:17.1.0] AndroidManifest.xml:26:13-72
213
214        <provider
214-->[com.google.firebase:firebase-common:19.3.0] AndroidManifest.xml:26:9-30:39
215            android:name="com.google.firebase.provider.FirebaseInitProvider"
215-->[com.google.firebase:firebase-common:19.3.0] AndroidManifest.xml:27:13-77
216            android:authorities="com.corona.savelive.firebaseinitprovider"
216-->[com.google.firebase:firebase-common:19.3.0] AndroidManifest.xml:28:13-72
217            android:exported="false"
217-->[com.google.firebase:firebase-common:19.3.0] AndroidManifest.xml:29:13-37
218            android:initOrder="100" />
218-->[com.google.firebase:firebase-common:19.3.0] AndroidManifest.xml:30:13-36
219
220        <service
220-->[com.google.android.datatransport:transport-backend-cct:2.2.0] AndroidManifest.xml:29:9-35:19
221            android:name="com.google.android.datatransport.runtime.backends.TransportBackendDiscovery"
221-->[com.google.android.datatransport:transport-backend-cct:2.2.0] AndroidManifest.xml:30:13-103
222            android:exported="false" >
222-->[com.google.android.datatransport:transport-backend-cct:2.2.0] AndroidManifest.xml:31:13-37
223            <meta-data
223-->[com.google.android.datatransport:transport-backend-cct:2.2.0] AndroidManifest.xml:32:13-34:39
224                android:name="backend:com.google.android.datatransport.cct.CctBackendFactory"
224-->[com.google.android.datatransport:transport-backend-cct:2.2.0] AndroidManifest.xml:33:17-94
225                android:value="cct" />
225-->[com.google.android.datatransport:transport-backend-cct:2.2.0] AndroidManifest.xml:34:17-36
226        </service>
227        <service
227-->[com.google.android.datatransport:transport-runtime:2.2.0] AndroidManifest.xml:26:9-30:19
228            android:name="com.google.android.datatransport.runtime.scheduling.jobscheduling.JobInfoSchedulerService"
228-->[com.google.android.datatransport:transport-runtime:2.2.0] AndroidManifest.xml:27:13-117
229            android:exported="false"
229-->[com.google.android.datatransport:transport-runtime:2.2.0] AndroidManifest.xml:28:13-37
230            android:permission="android.permission.BIND_JOB_SERVICE" >
230-->[com.google.android.datatransport:transport-runtime:2.2.0] AndroidManifest.xml:29:13-69
231        </service>
232
233        <receiver
233-->[com.google.android.datatransport:transport-runtime:2.2.0] AndroidManifest.xml:32:9-34:40
234            android:name="com.google.android.datatransport.runtime.scheduling.jobscheduling.AlarmManagerSchedulerBroadcastReceiver"
234-->[com.google.android.datatransport:transport-runtime:2.2.0] AndroidManifest.xml:33:13-132
235            android:exported="false" />
235-->[com.google.android.datatransport:transport-runtime:2.2.0] AndroidManifest.xml:34:13-37
236
237        <provider
237-->[androidx.lifecycle:lifecycle-process:2.1.0] AndroidManifest.xml:23:9-27:43
238            android:name="androidx.lifecycle.ProcessLifecycleOwnerInitializer"
238-->[androidx.lifecycle:lifecycle-process:2.1.0] AndroidManifest.xml:24:13-79
239            android:authorities="com.corona.savelive.lifecycle-process"
239-->[androidx.lifecycle:lifecycle-process:2.1.0] AndroidManifest.xml:25:13-69
240            android:exported="false"
240-->[androidx.lifecycle:lifecycle-process:2.1.0] AndroidManifest.xml:26:13-37
241            android:multiprocess="true" />
241-->[androidx.lifecycle:lifecycle-process:2.1.0] AndroidManifest.xml:27:13-40
242    </application>
243
244</manifest>